{"contracts/ERC20.sol":{"l":{"8":12},"path":"/Users/sandy/Documents/INFO7500/V1/contracts/ERC20.sol","s":{"1":12},"b":{},"f":{"1":12},"fnMap":{"1":{"name":"constructor","line":7,"loc":{"start":{"line":7,"column":2},"end":{"line":9,"column":2}}}},"statementMap":{"1":{"start":{"line":8,"column":4},"end":{"line":8,"column":50}}},"branchMap":{}},"contracts/NFTDutchAuction_ERC20Bids.sol":{"l":{"26":18,"27":18,"28":18,"29":18,"30":18,"31":18,"35":20,"36":18,"37":14,"39":10,"41":10,"42":5,"44":5,"45":5,"50":20,"51":8,"52":4,"53":4,"57":4,"59":0,"60":0,"65":61},"path":"/Users/sandy/Documents/INFO7500/V1/contracts/NFTDutchAuction_ERC20Bids.sol","s":{"1":18,"2":18,"3":18,"4":18,"5":18,"6":18,"7":20,"8":18,"9":14,"10":10,"11":10,"12":5,"13":5,"14":5,"15":20,"16":8,"17":4,"18":4,"19":4,"20":0,"21":0,"22":61},"b":{"1":[18,2],"2":[14,4],"3":[10,4],"4":[5,5],"5":[8,12],"6":[4,4],"7":[0,4]},"f":{"1":18,"2":20,"3":20,"4":4,"5":61},"fnMap":{"1":{"name":"constructor","line":22,"loc":{"start":{"line":22,"column":4},"end":{"line":32,"column":4}}},"2":{"name":"bid","line":34,"loc":{"start":{"line":34,"column":4},"end":{"line":47,"column":4}}},"3":{"name":"finalize","line":49,"loc":{"start":{"line":49,"column":4},"end":{"line":54,"column":4}}},"4":{"name":"refund","line":56,"loc":{"start":{"line":56,"column":4},"end":{"line":61,"column":4}}},"5":{"name":"nop","line":64,"loc":{"start":{"line":64,"column":4},"end":{"line":66,"column":4}}}},"statementMap":{"1":{"start":{"line":26,"column":8},"end":{"line":26,"column":35}},"2":{"start":{"line":27,"column":8},"end":{"line":27,"column":35}},"3":{"start":{"line":28,"column":8},"end":{"line":28,"column":50}},"4":{"start":{"line":29,"column":8},"end":{"line":29,"column":49}},"5":{"start":{"line":30,"column":8},"end":{"line":30,"column":41}},"6":{"start":{"line":31,"column":8},"end":{"line":31,"column":38}},"7":{"start":{"line":35,"column":8},"end":{"line":35,"column":27}},"8":{"start":{"line":36,"column":8},"end":{"line":36,"column":71}},"9":{"start":{"line":37,"column":8},"end":{"line":37,"column":125}},"10":{"start":{"line":39,"column":8},"end":{"line":39,"column":24}},"11":{"start":{"line":41,"column":8},"end":{"line":41,"column":1395}},"12":{"start":{"line":42,"column":12},"end":{"line":42,"column":43}},"13":{"start":{"line":44,"column":12},"end":{"line":44,"column":46}},"14":{"start":{"line":45,"column":12},"end":{"line":45,"column":33}},"15":{"start":{"line":50,"column":8},"end":{"line":50,"column":40}},"16":{"start":{"line":51,"column":8},"end":{"line":51,"column":73}},"17":{"start":{"line":52,"column":8},"end":{"line":52,"column":23}},"18":{"start":{"line":53,"column":8},"end":{"line":53,"column":40}},"19":{"start":{"line":57,"column":8},"end":{"line":57,"column":40}},"20":{"start":{"line":59,"column":8},"end":{"line":59,"column":23}},"21":{"start":{"line":60,"column":8},"end":{"line":60,"column":42}},"22":{"start":{"line":65,"column":8},"end":{"line":65,"column":19}}},"branchMap":{"1":{"line":35,"type":"if","locations":[{"start":{"line":35,"column":8},"end":{"line":35,"column":8}},{"start":{"line":35,"column":8},"end":{"line":35,"column":8}}]},"2":{"line":36,"type":"if","locations":[{"start":{"line":36,"column":8},"end":{"line":36,"column":8}},{"start":{"line":36,"column":8},"end":{"line":36,"column":8}}]},"3":{"line":37,"type":"if","locations":[{"start":{"line":37,"column":8},"end":{"line":37,"column":8}},{"start":{"line":37,"column":8},"end":{"line":37,"column":8}}]},"4":{"line":41,"type":"if","locations":[{"start":{"line":41,"column":8},"end":{"line":41,"column":8}},{"start":{"line":41,"column":8},"end":{"line":41,"column":8}}]},"5":{"line":50,"type":"if","locations":[{"start":{"line":50,"column":8},"end":{"line":50,"column":8}},{"start":{"line":50,"column":8},"end":{"line":50,"column":8}}]},"6":{"line":51,"type":"if","locations":[{"start":{"line":51,"column":8},"end":{"line":51,"column":8}},{"start":{"line":51,"column":8},"end":{"line":51,"column":8}}]},"7":{"line":57,"type":"if","locations":[{"start":{"line":57,"column":8},"end":{"line":57,"column":8}},{"start":{"line":57,"column":8},"end":{"line":57,"column":8}}]}}},"contracts/Token.sol":{"l":{"34":6,"35":6,"48":4,"51":4,"58":4,"59":4,"62":4,"72":4},"path":"/Users/sandy/Documents/INFO7500/V1/contracts/Token.sol","s":{"1":6,"2":6,"3":4,"4":4,"5":4,"6":4,"7":4,"8":4},"b":{"1":[4,0]},"f":{"1":6,"2":4,"3":4},"fnMap":{"1":{"name":"constructor","line":31,"loc":{"start":{"line":31,"column":4},"end":{"line":36,"column":4}}},"2":{"name":"transfer","line":44,"loc":{"start":{"line":44,"column":4},"end":{"line":63,"column":4}}},"3":{"name":"balanceOf","line":71,"loc":{"start":{"line":71,"column":4},"end":{"line":73,"column":4}}}},"statementMap":{"1":{"start":{"line":34,"column":8},"end":{"line":34,"column":41}},"2":{"start":{"line":35,"column":8},"end":{"line":35,"column":25}},"3":{"start":{"line":48,"column":8},"end":{"line":48,"column":67}},"4":{"start":{"line":51,"column":8},"end":{"line":51,"column":1701}},"5":{"start":{"line":58,"column":8},"end":{"line":58,"column":37}},"6":{"start":{"line":59,"column":8},"end":{"line":59,"column":29}},"7":{"start":{"line":62,"column":8},"end":{"line":62,"column":45}},"8":{"start":{"line":72,"column":8},"end":{"line":72,"column":32}}},"branchMap":{"1":{"line":48,"type":"if","locations":[{"start":{"line":48,"column":8},"end":{"line":48,"column":8}},{"start":{"line":48,"column":8},"end":{"line":48,"column":8}}]}}}}